<?xml version="1.0" encoding="UTF-8"?>
<testng-results ignored="0" total="1" passed="1" failed="0" skipped="0">
  <reporter-output>
  </reporter-output>
  <suite started-at="2022-11-08T17:16:10 IST" name="Default suite" finished-at="2022-11-08T17:18:13 IST" duration-ms="123248">
    <groups>
    </groups>
    <test started-at="2022-11-08T17:16:10 IST" name="Default test" finished-at="2022-11-08T17:18:13 IST" duration-ms="123248">
      <class name="com.vision.test.WorkOrderPageTest">
        <test-method is-config="true" signature="setUp()[pri:0, instance:com.vision.test.WorkOrderPageTest@169e6180]" started-at="2022-11-08T17:16:10 IST" name="setUp" finished-at="2022-11-08T17:16:33 IST" duration-ms="23693" status="PASS">
          <reporter-output>
          </reporter-output>
        </test-method> <!-- setUp -->
        <test-method signature="newWorkOrderTest()[pri:0, instance:com.vision.test.WorkOrderPageTest@169e6180]" started-at="2022-11-08T17:16:33 IST" name="newWorkOrderTest" finished-at="2022-11-08T17:17:55 IST" duration-ms="81224" status="PASS">
          <reporter-output>
          </reporter-output>
        </test-method> <!-- newWorkOrderTest -->
        <test-method is-config="true" signature="tearDown()[pri:0, instance:com.vision.test.WorkOrderPageTest@169e6180]" started-at="2022-11-08T17:17:55 IST" name="tearDown" finished-at="2022-11-08T17:18:13 IST" duration-ms="18291" status="PASS">
          <reporter-output>
          </reporter-output>
        </test-method> <!-- tearDown -->
      </class> <!-- com.vision.test.WorkOrderPageTest -->
    </test> <!-- Default test -->
  </suite> <!-- Default suite -->
</testng-results>
